2026-01-07  8:54:28 0 [Note] Starting MariaDB 10.4.32-MariaDB source revision c4143f909528e3fab0677a28631d10389354c491 as process 1716
2026-01-07  8:54:28 0 [Note] InnoDB: Mutexes and rw_locks use Windows interlocked functions
2026-01-07  8:54:28 0 [Note] InnoDB: Uses event mutexes
2026-01-07  8:54:28 0 [Note] InnoDB: Compressed tables use zlib 1.3
2026-01-07  8:54:28 0 [Note] InnoDB: Number of pools: 1
2026-01-07  8:54:28 0 [Note] InnoDB: Using SSE2 crc32 instructions
2026-01-07  8:54:28 0 [Note] InnoDB: Initializing buffer pool, total size = 16M, instances = 1, chunk size = 16M
2026-01-07  8:54:28 0 [Note] InnoDB: Completed initialization of buffer pool
2026-01-07  8:54:28 0 [Note] InnoDB: Starting crash recovery from checkpoint LSN=300288
2026-01-07  8:54:29 0 [Note] InnoDB: 128 out of 128 rollback segments are active.
2026-01-07  8:54:29 0 [Note] InnoDB: Removed temporary tablespace data file: "ibtmp1"
2026-01-07  8:54:29 0 [Note] InnoDB: Creating shared tablespace for temporary tables
2026-01-07  8:54:29 0 [Note] InnoDB: Setting file 'C:\xampp\app\mysql\data\ibtmp1' size to 12 MB. Physically writing the file full; Please wait ...
2026-01-07  8:54:29 0 [Note] InnoDB: File 'C:\xampp\app\mysql\data\ibtmp1' size is now 12 MB.
2026-01-07  8:54:29 0 [Note] InnoDB: Waiting for purge to start
2026-01-07  8:54:29 0 [Note] InnoDB: 10.4.32 started; log sequence number 300297; transaction id 170
2026-01-07  8:54:29 0 [Note] InnoDB: Loading buffer pool(s) from C:\xampp\app\mysql\data\ib_buffer_pool
2026-01-07  8:54:29 0 [Note] Plugin 'FEEDBACK' is disabled.
2026-01-07  8:54:29 0 [Note] InnoDB: Buffer pool(s) load completed at 260107  8:54:29
2026-01-07  8:54:29 0 [Note] Server socket created on IP: '::'.
2026-01-10  8:52:25 0 [Note] Starting MariaDB 10.4.32-MariaDB source revision c4143f909528e3fab0677a28631d10389354c491 as process 11868
2026-01-10  8:52:25 0 [Note] InnoDB: Mutexes and rw_locks use Windows interlocked functions
2026-01-10  8:52:25 0 [Note] InnoDB: Uses event mutexes
2026-01-10  8:52:25 0 [Note] InnoDB: Compressed tables use zlib 1.3
2026-01-10  8:52:25 0 [Note] InnoDB: Number of pools: 1
2026-01-10  8:52:25 0 [Note] InnoDB: Using SSE2 crc32 instructions
2026-01-10  8:52:25 0 [Note] InnoDB: Initializing buffer pool, total size = 16M, instances = 1, chunk size = 16M
2026-01-10  8:52:25 0 [Note] InnoDB: Completed initialization of buffer pool
2026-01-10  8:52:26 0 [Note] InnoDB: Starting crash recovery from checkpoint LSN=300306
2026-01-10  8:52:26 0 [Note] InnoDB: 128 out of 128 rollback segments are active.
2026-01-10  8:52:26 0 [Note] InnoDB: Removed temporary tablespace data file: "ibtmp1"
2026-01-10  8:52:26 0 [Note] InnoDB: Creating shared tablespace for temporary tables
2026-01-10  8:52:26 0 [Note] InnoDB: Setting file 'C:\xampp\app\mysql\data\ibtmp1' size to 12 MB. Physically writing the file full; Please wait ...
2026-01-10  8:52:26 0 [Note] InnoDB: File 'C:\xampp\app\mysql\data\ibtmp1' size is now 12 MB.
2026-01-10  8:52:26 0 [Note] InnoDB: Waiting for purge to start
2026-01-10  8:52:26 0 [Note] InnoDB: 10.4.32 started; log sequence number 300315; transaction id 170
2026-01-10  8:52:26 0 [Note] InnoDB: Loading buffer pool(s) from C:\xampp\app\mysql\data\ib_buffer_pool
2026-01-10  8:52:26 0 [Note] Plugin 'FEEDBACK' is disabled.
2026-01-10  8:52:26 0 [Note] InnoDB: Buffer pool(s) load completed at 260110  8:52:26
2026-01-10  8:52:26 0 [Note] Server socket created on IP: '::'.
2026-05-17  9:03:40 0 [Note] Starting MariaDB 10.4.32-MariaDB source revision c4143f909528e3fab0677a28631d10389354c491 as process 12800
2026-05-17  9:03:40 0 [Note] InnoDB: Mutexes and rw_locks use Windows interlocked functions
2026-05-17  9:03:40 0 [Note] InnoDB: Uses event mutexes
2026-05-17  9:03:40 0 [Note] InnoDB: Compressed tables use zlib 1.3
2026-05-17  9:03:40 0 [Note] InnoDB: Number of pools: 1
2026-05-17  9:03:40 0 [Note] InnoDB: Using SSE2 crc32 instructions
2026-05-17  9:03:40 0 [Note] InnoDB: Initializing buffer pool, total size = 16M, instances = 1, chunk size = 16M
2026-05-17  9:03:40 0 [Note] InnoDB: Completed initialization of buffer pool
2026-05-17  9:03:40 0 [Note] InnoDB: Starting crash recovery from checkpoint LSN=306773
2026-05-17  9:03:41 0 [Note] InnoDB: 128 out of 128 rollback segments are active.
2026-05-17  9:03:41 0 [Note] InnoDB: Removed temporary tablespace data file: "ibtmp1"
2026-05-17  9:03:41 0 [Note] InnoDB: Creating shared tablespace for temporary tables
2026-05-17  9:03:41 0 [Note] InnoDB: Setting file 'C:\xampp\app\mysql\data\ibtmp1' size to 12 MB. Physically writing the file full; Please wait ...
2026-05-17  9:03:41 0 [Note] InnoDB: File 'C:\xampp\app\mysql\data\ibtmp1' size is now 12 MB.
2026-05-17  9:03:41 0 [Note] InnoDB: Waiting for purge to start
2026-05-17  9:03:41 0 [Note] InnoDB: 10.4.32 started; log sequence number 306782; transaction id 199
2026-05-17  9:03:41 0 [Note] InnoDB: Loading buffer pool(s) from C:\xampp\app\mysql\data\ib_buffer_pool
2026-05-17  9:03:41 0 [Note] Plugin 'FEEDBACK' is disabled.
2026-05-17  9:03:41 0 [Note] InnoDB: Buffer pool(s) load completed at 260517  9:03:41
2026-05-17  9:03:41 0 [Note] Server socket created on IP: '::'.
2026-05-20 22:35:50 0 [Note] Starting MariaDB 10.4.32-MariaDB source revision c4143f909528e3fab0677a28631d10389354c491 as process 1172
2026-05-20 22:35:50 0 [Note] InnoDB: Mutexes and rw_locks use Windows interlocked functions
2026-05-20 22:35:51 0 [Note] InnoDB: Uses event mutexes
2026-05-20 22:35:51 0 [Note] InnoDB: Compressed tables use zlib 1.3
2026-05-20 22:35:51 0 [Note] InnoDB: Number of pools: 1
2026-05-20 22:35:51 0 [Note] InnoDB: Using SSE2 crc32 instructions
2026-05-20 22:35:51 0 [Note] InnoDB: Initializing buffer pool, total size = 16M, instances = 1, chunk size = 16M
2026-05-20 22:35:51 0 [Note] InnoDB: Completed initialization of buffer pool
2026-05-20 22:35:51 0 [Note] InnoDB: Starting crash recovery from checkpoint LSN=525081
2026-05-20 22:35:52 0 [Note] InnoDB: 128 out of 128 rollback segments are active.
2026-05-20 22:35:52 0 [Note] InnoDB: Removed temporary tablespace data file: "ibtmp1"
2026-05-20 22:35:52 0 [Note] InnoDB: Creating shared tablespace for temporary tables
2026-05-20 22:35:52 0 [Note] InnoDB: Setting file 'C:\xampp\app\mysql\data\ibtmp1' size to 12 MB. Physically writing the file full; Please wait ...
2026-05-20 22:35:52 0 [Note] InnoDB: File 'C:\xampp\app\mysql\data\ibtmp1' size is now 12 MB.
2026-05-20 22:35:52 0 [Note] InnoDB: Waiting for purge to start
2026-05-20 22:35:52 0 [Note] InnoDB: Waiting for purge to start
2026-05-20 22:35:52 0 [Note] InnoDB: Waiting for purge to start
2026-05-20 22:35:52 0 [Note] InnoDB: Waiting for purge to start
2026-05-20 22:35:52 0 [Note] InnoDB: 10.4.32 started; log sequence number 525090; transaction id 464
2026-05-20 22:35:52 0 [Note] InnoDB: Loading buffer pool(s) from C:\xampp\app\mysql\data\ib_buffer_pool
2026-05-20 22:35:52 0 [Note] InnoDB: Buffer pool(s) load completed at 260520 22:35:52
2026-05-20 22:35:52 0 [Note] Plugin 'FEEDBACK' is disabled.
2026-05-20 22:35:52 0 [Note] Server socket created on IP: '::'.
2026-05-22  2:47:23 0 [Note] Starting MariaDB 10.4.32-MariaDB source revision c4143f909528e3fab0677a28631d10389354c491 as process 7472
2026-05-22  2:47:23 0 [Note] InnoDB: Mutexes and rw_locks use Windows interlocked functions
2026-05-22  2:47:23 0 [Note] InnoDB: Uses event mutexes
2026-05-22  2:47:23 0 [Note] InnoDB: Compressed tables use zlib 1.3
2026-05-22  2:47:23 0 [Note] InnoDB: Number of pools: 1
2026-05-22  2:47:23 0 [Note] InnoDB: Using SSE2 crc32 instructions
2026-05-22  2:47:23 0 [Note] InnoDB: Initializing buffer pool, total size = 16M, instances = 1, chunk size = 16M
2026-05-22  2:47:23 0 [Note] InnoDB: Completed initialization of buffer pool
2026-05-22  2:47:23 0 [Note] InnoDB: Starting crash recovery from checkpoint LSN=533903
2026-05-22  2:47:24 0 [Note] InnoDB: 128 out of 128 rollback segments are active.
2026-05-22  2:47:24 0 [Note] InnoDB: Removed temporary tablespace data file: "ibtmp1"
2026-05-22  2:47:24 0 [Note] InnoDB: Creating shared tablespace for temporary tables
2026-05-22  2:47:24 0 [Note] InnoDB: Setting file 'C:\xampp\app\mysql\data\ibtmp1' size to 12 MB. Physically writing the file full; Please wait ...
2026-05-22  2:47:24 0 [Note] InnoDB: File 'C:\xampp\app\mysql\data\ibtmp1' size is now 12 MB.
2026-05-22  2:47:24 0 [Note] InnoDB: Waiting for purge to start
2026-05-22  2:47:24 0 [Note] InnoDB: 10.4.32 started; log sequence number 533912; transaction id 482
2026-05-22  2:47:24 0 [Note] InnoDB: Loading buffer pool(s) from C:\xampp\app\mysql\data\ib_buffer_pool
2026-05-22  2:47:24 0 [Note] Plugin 'FEEDBACK' is disabled.
2026-05-22  2:47:24 0 [Note] InnoDB: Buffer pool(s) load completed at 260522  2:47:24
2026-05-22  2:47:24 0 [Note] Server socket created on IP: '::'.
